::1 - - [Wed, 02 Jun 2021 10:19:52 GMT] "GET / HTTP/1.1" 500 1881 "-" "Mozilla/5.0 (Windows NT 10.0; Win64; x64) AppleWebKit/537.36 (KHTML, like Gecko) Chrome/90.0.4430.212 Safari/537.36"
::1 - - [Wed, 02 Jun 2021 10:20:55 GMT] "GET / HTTP/1.1" 500 1881 "-" "Mozilla/5.0 (Windows NT 10.0; Win64; x64) AppleWebKit/537.36 (KHTML, like Gecko) Chrome/90.0.4430.212 Safari/537.36"
::1 - - [Wed, 02 Jun 2021 10:20:56 GMT] "GET / HTTP/1.1" 500 1881 "-" "Mozilla/5.0 (Windows NT 10.0; Win64; x64) AppleWebKit/537.36 (KHTML, like Gecko) Chrome/90.0.4430.212 Safari/537.36"
::1 - - [Wed, 02 Jun 2021 10:20:56 GMT] "GET / HTTP/1.1" 500 1881 "-" "Mozilla/5.0 (Windows NT 10.0; Win64; x64) AppleWebKit/537.36 (KHTML, like Gecko) Chrome/90.0.4430.212 Safari/537.36"
::1 - - [Wed, 02 Jun 2021 10:20:56 GMT] "GET / HTTP/1.1" 500 1881 "-" "Mozilla/5.0 (Windows NT 10.0; Win64; x64) AppleWebKit/537.36 (KHTML, like Gecko) Chrome/90.0.4430.212 Safari/537.36"
::1 - - [Wed, 02 Jun 2021 10:21:01 GMT] "GET / HTTP/1.1" 500 1881 "-" "Mozilla/5.0 (Windows NT 10.0; Win64; x64) AppleWebKit/537.36 (KHTML, like Gecko) Chrome/90.0.4430.212 Safari/537.36"
::1 - - [Wed, 02 Jun 2021 10:21:01 GMT] "GET / HTTP/1.1" 500 1881 "-" "Mozilla/5.0 (Windows NT 10.0; Win64; x64) AppleWebKit/537.36 (KHTML, like Gecko) Chrome/90.0.4430.212 Safari/537.36"
::1 - - [Wed, 02 Jun 2021 10:21:02 GMT] "GET / HTTP/1.1" 500 1881 "-" "Mozilla/5.0 (Windows NT 10.0; Win64; x64) AppleWebKit/537.36 (KHTML, like Gecko) Chrome/90.0.4430.212 Safari/537.36"
::ffff:127.0.0.1 - - [Wed, 02 Jun 2021 10:21:30 GMT] "GET / HTTP/1.1" 500 1881 "-" "Mozilla/5.0 (Windows NT 10.0; Win64; x64) AppleWebKit/537.36 (KHTML, like Gecko) Chrome/90.0.4430.212 Safari/537.36"
::ffff:127.0.0.1 - - [Wed, 02 Jun 2021 10:21:58 GMT] "GET / HTTP/1.1" 200 993 "-" "Mozilla/5.0 (Windows NT 10.0; Win64; x64) AppleWebKit/537.36 (KHTML, like Gecko) Chrome/90.0.4430.212 Safari/537.36"
::ffff:127.0.0.1 - - [Wed, 02 Jun 2021 10:21:58 GMT] "GET /stylesheets/style.css HTTP/1.1" 304 - "http://localhost:3000/" "Mozilla/5.0 (Windows NT 10.0; Win64; x64) AppleWebKit/537.36 (KHTML, like Gecko) Chrome/90.0.4430.212 Safari/537.36"
::ffff:127.0.0.1 - - [Wed, 02 Jun 2021 10:22:03 GMT] "GET /post HTTP/1.1" 200 1324 "http://localhost:3000/" "Mozilla/5.0 (Windows NT 10.0; Win64; x64) AppleWebKit/537.36 (KHTML, like Gecko) Chrome/90.0.4430.212 Safari/537.36"
::ffff:127.0.0.1 - - [Wed, 02 Jun 2021 10:22:03 GMT] "GET /stylesheets/style.css HTTP/1.1" 304 - "http://localhost:3000/post" "Mozilla/5.0 (Windows NT 10.0; Win64; x64) AppleWebKit/537.36 (KHTML, like Gecko) Chrome/90.0.4430.212 Safari/537.36"
::1 - - [Wed, 02 Jun 2021 10:22:13 GMT] "POST /post HTTP/1.1" 302 46 "http://localhost:3000/post" "Mozilla/5.0 (Windows NT 10.0; Win64; x64) AppleWebKit/537.36 (KHTML, like Gecko) Chrome/90.0.4430.212 Safari/537.36"
::1 - - [Wed, 02 Jun 2021 10:22:13 GMT] "GET / HTTP/1.1" 200 1637 "http://localhost:3000/post" "Mozilla/5.0 (Windows NT 10.0; Win64; x64) AppleWebKit/537.36 (KHTML, like Gecko) Chrome/90.0.4430.212 Safari/537.36"
::1 - - [Wed, 02 Jun 2021 10:22:13 GMT] "GET /stylesheets/style.css HTTP/1.1" 304 - "http://localhost:3000/" "Mozilla/5.0 (Windows NT 10.0; Win64; x64) AppleWebKit/537.36 (KHTML, like Gecko) Chrome/90.0.4430.212 Safari/537.36"
::1 - - [Wed, 02 Jun 2021 10:22:15 GMT] "GET /u/tutu/2021-6-2/SDK%E7%AE%A1%E7%90%86%E7%B3%BB%E7%BB%9F HTTP/1.1" 200 1970 "http://localhost:3000/" "Mozilla/5.0 (Windows NT 10.0; Win64; x64) AppleWebKit/537.36 (KHTML, like Gecko) Chrome/90.0.4430.212 Safari/537.36"
::1 - - [Wed, 02 Jun 2021 10:22:15 GMT] "GET /stylesheets/style.css HTTP/1.1" 304 - "http://localhost:3000/u/tutu/2021-6-2/SDK%E7%AE%A1%E7%90%86%E7%B3%BB%E7%BB%9F" "Mozilla/5.0 (Windows NT 10.0; Win64; x64) AppleWebKit/537.36 (KHTML, like Gecko) Chrome/90.0.4430.212 Safari/537.36"
::1 - - [Wed, 02 Jun 2021 10:22:32 GMT] "GET /logout HTTP/1.1" 302 46 "http://localhost:3000/u/tutu/2021-6-2/SDK%E7%AE%A1%E7%90%86%E7%B3%BB%E7%BB%9F" "Mozilla/5.0 (Windows NT 10.0; Win64; x64) AppleWebKit/537.36 (KHTML, like Gecko) Chrome/90.0.4430.212 Safari/537.36"
::1 - - [Wed, 02 Jun 2021 10:22:32 GMT] "GET / HTTP/1.1" 200 1572 "http://localhost:3000/u/tutu/2021-6-2/SDK%E7%AE%A1%E7%90%86%E7%B3%BB%E7%BB%9F" "Mozilla/5.0 (Windows NT 10.0; Win64; x64) AppleWebKit/537.36 (KHTML, like Gecko) Chrome/90.0.4430.212 Safari/537.36"
::1 - - [Wed, 02 Jun 2021 10:22:32 GMT] "GET /stylesheets/style.css HTTP/1.1" 304 - "http://localhost:3000/" "Mozilla/5.0 (Windows NT 10.0; Win64; x64) AppleWebKit/537.36 (KHTML, like Gecko) Chrome/90.0.4430.212 Safari/537.36"
::1 - - [Wed, 02 Jun 2021 10:22:34 GMT] "GET /login HTTP/1.1" 200 1082 "http://localhost:3000/" "Mozilla/5.0 (Windows NT 10.0; Win64; x64) AppleWebKit/537.36 (KHTML, like Gecko) Chrome/90.0.4430.212 Safari/537.36"
::1 - - [Wed, 02 Jun 2021 10:22:34 GMT] "GET /stylesheets/style.css HTTP/1.1" 304 - "http://localhost:3000/login" "Mozilla/5.0 (Windows NT 10.0; Win64; x64) AppleWebKit/537.36 (KHTML, like Gecko) Chrome/90.0.4430.212 Safari/537.36"
::1 - - [Wed, 02 Jun 2021 10:22:37 GMT] "POST /login HTTP/1.1" 302 46 "http://localhost:3000/login" "Mozilla/5.0 (Windows NT 10.0; Win64; x64) AppleWebKit/537.36 (KHTML, like Gecko) Chrome/90.0.4430.212 Safari/537.36"
::1 - - [Wed, 02 Jun 2021 10:22:37 GMT] "GET / HTTP/1.1" 200 1637 "http://localhost:3000/login" "Mozilla/5.0 (Windows NT 10.0; Win64; x64) AppleWebKit/537.36 (KHTML, like Gecko) Chrome/90.0.4430.212 Safari/537.36"
::1 - - [Wed, 02 Jun 2021 10:22:37 GMT] "GET /stylesheets/style.css HTTP/1.1" 304 - "http://localhost:3000/" "Mozilla/5.0 (Windows NT 10.0; Win64; x64) AppleWebKit/537.36 (KHTML, like Gecko) Chrome/90.0.4430.212 Safari/537.36"
::1 - - [Wed, 02 Jun 2021 10:22:39 GMT] "GET /u/tutu/2021-6-2/SDK%E7%AE%A1%E7%90%86%E7%B3%BB%E7%BB%9F HTTP/1.1" 200 1865 "http://localhost:3000/" "Mozilla/5.0 (Windows NT 10.0; Win64; x64) AppleWebKit/537.36 (KHTML, like Gecko) Chrome/90.0.4430.212 Safari/537.36"
::1 - - [Wed, 02 Jun 2021 10:22:39 GMT] "GET /stylesheets/style.css HTTP/1.1" 304 - "http://localhost:3000/u/tutu/2021-6-2/SDK%E7%AE%A1%E7%90%86%E7%B3%BB%E7%BB%9F" "Mozilla/5.0 (Windows NT 10.0; Win64; x64) AppleWebKit/537.36 (KHTML, like Gecko) Chrome/90.0.4430.212 Safari/537.36"
::1 - - [Wed, 02 Jun 2021 10:27:04 GMT] "GET / HTTP/1.1" 200 1587 "-" "Mozilla/5.0 (Windows NT 10.0; Win64; x64) AppleWebKit/537.36 (KHTML, like Gecko) Chrome/90.0.4430.212 Safari/537.36"
::1 - - [Wed, 02 Jun 2021 10:27:05 GMT] "GET /stylesheets/style.css HTTP/1.1" 304 - "http://localhost:3000/" "Mozilla/5.0 (Windows NT 10.0; Win64; x64) AppleWebKit/537.36 (KHTML, like Gecko) Chrome/90.0.4430.212 Safari/537.36"
::1 - - [Wed, 02 Jun 2021 10:27:06 GMT] "GET /u/tutu/2021-6-2/SDK%E7%AE%A1%E7%90%86%E7%B3%BB%E7%BB%9F HTTP/1.1" 200 1828 "http://localhost:3000/" "Mozilla/5.0 (Windows NT 10.0; Win64; x64) AppleWebKit/537.36 (KHTML, like Gecko) Chrome/90.0.4430.212 Safari/537.36"
::1 - - [Wed, 02 Jun 2021 10:27:06 GMT] "GET /stylesheets/style.css HTTP/1.1" 304 - "http://localhost:3000/u/tutu/2021-6-2/SDK%E7%AE%A1%E7%90%86%E7%B3%BB%E7%BB%9F" "Mozilla/5.0 (Windows NT 10.0; Win64; x64) AppleWebKit/537.36 (KHTML, like Gecko) Chrome/90.0.4430.212 Safari/537.36"
::1 - - [Wed, 02 Jun 2021 10:27:13 GMT] "GET /u/tutu/2021-6-2/SDK%E7%AE%A1%E7%90%86%E7%B3%BB%E7%BB%9F HTTP/1.1" 200 1828 "http://localhost:3000/" "Mozilla/5.0 (Windows NT 10.0; Win64; x64) AppleWebKit/537.36 (KHTML, like Gecko) Chrome/90.0.4430.212 Safari/537.36"
::1 - - [Wed, 02 Jun 2021 10:27:13 GMT] "GET /stylesheets/style.css HTTP/1.1" 304 - "http://localhost:3000/u/tutu/2021-6-2/SDK%E7%AE%A1%E7%90%86%E7%B3%BB%E7%BB%9F" "Mozilla/5.0 (Windows NT 10.0; Win64; x64) AppleWebKit/537.36 (KHTML, like Gecko) Chrome/90.0.4430.212 Safari/537.36"
::1 - - [Wed, 02 Jun 2021 10:27:14 GMT] "GET /u/tutu/2021-6-2/SDK%E7%AE%A1%E7%90%86%E7%B3%BB%E7%BB%9F HTTP/1.1" 200 1828 "http://localhost:3000/" "Mozilla/5.0 (Windows NT 10.0; Win64; x64) AppleWebKit/537.36 (KHTML, like Gecko) Chrome/90.0.4430.212 Safari/537.36"
::1 - - [Wed, 02 Jun 2021 10:27:14 GMT] "GET /stylesheets/style.css HTTP/1.1" 304 - "http://localhost:3000/u/tutu/2021-6-2/SDK%E7%AE%A1%E7%90%86%E7%B3%BB%E7%BB%9F" "Mozilla/5.0 (Windows NT 10.0; Win64; x64) AppleWebKit/537.36 (KHTML, like Gecko) Chrome/90.0.4430.212 Safari/537.36"
::1 - - [Wed, 02 Jun 2021 10:27:15 GMT] "GET /u/tutu/2021-6-2/SDK%E7%AE%A1%E7%90%86%E7%B3%BB%E7%BB%9F HTTP/1.1" 200 1828 "http://localhost:3000/" "Mozilla/5.0 (Windows NT 10.0; Win64; x64) AppleWebKit/537.36 (KHTML, like Gecko) Chrome/90.0.4430.212 Safari/537.36"
::1 - - [Wed, 02 Jun 2021 10:27:15 GMT] "GET /stylesheets/style.css HTTP/1.1" 304 - "http://localhost:3000/u/tutu/2021-6-2/SDK%E7%AE%A1%E7%90%86%E7%B3%BB%E7%BB%9F" "Mozilla/5.0 (Windows NT 10.0; Win64; x64) AppleWebKit/537.36 (KHTML, like Gecko) Chrome/90.0.4430.212 Safari/537.36"
::1 - - [Wed, 02 Jun 2021 10:27:19 GMT] "GET /logout HTTP/1.1" 302 46 "http://localhost:3000/u/tutu/2021-6-2/SDK%E7%AE%A1%E7%90%86%E7%B3%BB%E7%BB%9F" "Mozilla/5.0 (Windows NT 10.0; Win64; x64) AppleWebKit/537.36 (KHTML, like Gecko) Chrome/90.0.4430.212 Safari/537.36"
::1 - - [Wed, 02 Jun 2021 10:27:19 GMT] "GET / HTTP/1.1" 200 1572 "http://localhost:3000/u/tutu/2021-6-2/SDK%E7%AE%A1%E7%90%86%E7%B3%BB%E7%BB%9F" "Mozilla/5.0 (Windows NT 10.0; Win64; x64) AppleWebKit/537.36 (KHTML, like Gecko) Chrome/90.0.4430.212 Safari/537.36"
::1 - - [Wed, 02 Jun 2021 10:27:19 GMT] "GET /stylesheets/style.css HTTP/1.1" 304 - "http://localhost:3000/" "Mozilla/5.0 (Windows NT 10.0; Win64; x64) AppleWebKit/537.36 (KHTML, like Gecko) Chrome/90.0.4430.212 Safari/537.36"
::1 - - [Wed, 02 Jun 2021 10:27:21 GMT] "GET /login HTTP/1.1" 200 1082 "http://localhost:3000/" "Mozilla/5.0 (Windows NT 10.0; Win64; x64) AppleWebKit/537.36 (KHTML, like Gecko) Chrome/90.0.4430.212 Safari/537.36"
::1 - - [Wed, 02 Jun 2021 10:27:21 GMT] "GET /stylesheets/style.css HTTP/1.1" 304 - "http://localhost:3000/login" "Mozilla/5.0 (Windows NT 10.0; Win64; x64) AppleWebKit/537.36 (KHTML, like Gecko) Chrome/90.0.4430.212 Safari/537.36"
::1 - - [Wed, 02 Jun 2021 10:27:24 GMT] "POST /login HTTP/1.1" 302 46 "http://localhost:3000/login" "Mozilla/5.0 (Windows NT 10.0; Win64; x64) AppleWebKit/537.36 (KHTML, like Gecko) Chrome/90.0.4430.212 Safari/537.36"
::1 - - [Wed, 02 Jun 2021 10:27:24 GMT] "GET / HTTP/1.1" 200 1637 "http://localhost:3000/login" "Mozilla/5.0 (Windows NT 10.0; Win64; x64) AppleWebKit/537.36 (KHTML, like Gecko) Chrome/90.0.4430.212 Safari/537.36"
::1 - - [Wed, 02 Jun 2021 10:27:24 GMT] "GET /stylesheets/style.css HTTP/1.1" 304 - "http://localhost:3000/" "Mozilla/5.0 (Windows NT 10.0; Win64; x64) AppleWebKit/537.36 (KHTML, like Gecko) Chrome/90.0.4430.212 Safari/537.36"
::1 - - [Wed, 02 Jun 2021 10:27:25 GMT] "GET /u/tutu/2021-6-2/SDK%E7%AE%A1%E7%90%86%E7%B3%BB%E7%BB%9F HTTP/1.1" 200 1828 "http://localhost:3000/" "Mozilla/5.0 (Windows NT 10.0; Win64; x64) AppleWebKit/537.36 (KHTML, like Gecko) Chrome/90.0.4430.212 Safari/537.36"
::1 - - [Wed, 02 Jun 2021 10:27:25 GMT] "GET /stylesheets/style.css HTTP/1.1" 304 - "http://localhost:3000/u/tutu/2021-6-2/SDK%E7%AE%A1%E7%90%86%E7%B3%BB%E7%BB%9F" "Mozilla/5.0 (Windows NT 10.0; Win64; x64) AppleWebKit/537.36 (KHTML, like Gecko) Chrome/90.0.4430.212 Safari/537.36"
::1 - - [Wed, 02 Jun 2021 10:27:40 GMT] "GET /logout HTTP/1.1" 302 46 "http://localhost:3000/u/tutu/2021-6-2/SDK%E7%AE%A1%E7%90%86%E7%B3%BB%E7%BB%9F" "Mozilla/5.0 (Windows NT 10.0; Win64; x64) AppleWebKit/537.36 (KHTML, like Gecko) Chrome/90.0.4430.212 Safari/537.36"
::1 - - [Wed, 02 Jun 2021 10:27:40 GMT] "GET / HTTP/1.1" 200 1572 "http://localhost:3000/u/tutu/2021-6-2/SDK%E7%AE%A1%E7%90%86%E7%B3%BB%E7%BB%9F" "Mozilla/5.0 (Windows NT 10.0; Win64; x64) AppleWebKit/537.36 (KHTML, like Gecko) Chrome/90.0.4430.212 Safari/537.36"
::1 - - [Wed, 02 Jun 2021 10:27:40 GMT] "GET /stylesheets/style.css HTTP/1.1" 304 - "http://localhost:3000/" "Mozilla/5.0 (Windows NT 10.0; Win64; x64) AppleWebKit/537.36 (KHTML, like Gecko) Chrome/90.0.4430.212 Safari/537.36"
::1 - - [Wed, 02 Jun 2021 10:27:41 GMT] "GET /login HTTP/1.1" 200 1082 "http://localhost:3000/" "Mozilla/5.0 (Windows NT 10.0; Win64; x64) AppleWebKit/537.36 (KHTML, like Gecko) Chrome/90.0.4430.212 Safari/537.36"
::1 - - [Wed, 02 Jun 2021 10:27:41 GMT] "GET /stylesheets/style.css HTTP/1.1" 304 - "http://localhost:3000/login" "Mozilla/5.0 (Windows NT 10.0; Win64; x64) AppleWebKit/537.36 (KHTML, like Gecko) Chrome/90.0.4430.212 Safari/537.36"
::1 - - [Wed, 02 Jun 2021 10:27:44 GMT] "POST /login HTTP/1.1" 302 56 "http://localhost:3000/login" "Mozilla/5.0 (Windows NT 10.0; Win64; x64) AppleWebKit/537.36 (KHTML, like Gecko) Chrome/90.0.4430.212 Safari/537.36"
::1 - - [Wed, 02 Jun 2021 10:27:44 GMT] "GET /login HTTP/1.1" 200 1132 "http://localhost:3000/login" "Mozilla/5.0 (Windows NT 10.0; Win64; x64) AppleWebKit/537.36 (KHTML, like Gecko) Chrome/90.0.4430.212 Safari/537.36"
::1 - - [Wed, 02 Jun 2021 10:27:44 GMT] "GET /stylesheets/style.css HTTP/1.1" 304 - "http://localhost:3000/login" "Mozilla/5.0 (Windows NT 10.0; Win64; x64) AppleWebKit/537.36 (KHTML, like Gecko) Chrome/90.0.4430.212 Safari/537.36"
::1 - - [Wed, 02 Jun 2021 10:27:48 GMT] "POST /login HTTP/1.1" 302 46 "http://localhost:3000/login" "Mozilla/5.0 (Windows NT 10.0; Win64; x64) AppleWebKit/537.36 (KHTML, like Gecko) Chrome/90.0.4430.212 Safari/537.36"
::1 - - [Wed, 02 Jun 2021 10:27:48 GMT] "GET / HTTP/1.1" 200 1637 "http://localhost:3000/login" "Mozilla/5.0 (Windows NT 10.0; Win64; x64) AppleWebKit/537.36 (KHTML, like Gecko) Chrome/90.0.4430.212 Safari/537.36"
::1 - - [Wed, 02 Jun 2021 10:27:48 GMT] "GET /stylesheets/style.css HTTP/1.1" 304 - "http://localhost:3000/" "Mozilla/5.0 (Windows NT 10.0; Win64; x64) AppleWebKit/537.36 (KHTML, like Gecko) Chrome/90.0.4430.212 Safari/537.36"
::1 - - [Wed, 02 Jun 2021 10:27:49 GMT] "GET /u/tutu/2021-6-2/SDK%E7%AE%A1%E7%90%86%E7%B3%BB%E7%BB%9F HTTP/1.1" 200 1907 "http://localhost:3000/" "Mozilla/5.0 (Windows NT 10.0; Win64; x64) AppleWebKit/537.36 (KHTML, like Gecko) Chrome/90.0.4430.212 Safari/537.36"
::1 - - [Wed, 02 Jun 2021 10:27:49 GMT] "GET /stylesheets/style.css HTTP/1.1" 304 - "http://localhost:3000/u/tutu/2021-6-2/SDK%E7%AE%A1%E7%90%86%E7%B3%BB%E7%BB%9F" "Mozilla/5.0 (Windows NT 10.0; Win64; x64) AppleWebKit/537.36 (KHTML, like Gecko) Chrome/90.0.4430.212 Safari/537.36"
::1 - - [Wed, 02 Jun 2021 10:28:48 GMT] "GET / HTTP/1.1" 200 2256 "-" "Mozilla/5.0 (Windows NT 10.0; Win64; x64) AppleWebKit/537.36 (KHTML, like Gecko) Chrome/90.0.4430.212 Safari/537.36"
::1 - - [Wed, 02 Jun 2021 10:28:48 GMT] "GET /stylesheets/style.css HTTP/1.1" 304 - "http://localhost:3000/" "Mozilla/5.0 (Windows NT 10.0; Win64; x64) AppleWebKit/537.36 (KHTML, like Gecko) Chrome/90.0.4430.212 Safari/537.36"
::1 - - [Wed, 02 Jun 2021 10:30:24 GMT] "GET /logout HTTP/1.1" 302 46 "http://localhost:3000/" "Mozilla/5.0 (Windows NT 10.0; Win64; x64) AppleWebKit/537.36 (KHTML, like Gecko) Chrome/90.0.4430.212 Safari/537.36"
::1 - - [Wed, 02 Jun 2021 10:30:24 GMT] "GET / HTTP/1.1" 200 2241 "http://localhost:3000/" "Mozilla/5.0 (Windows NT 10.0; Win64; x64) AppleWebKit/537.36 (KHTML, like Gecko) Chrome/90.0.4430.212 Safari/537.36"
::1 - - [Wed, 02 Jun 2021 10:30:24 GMT] "GET /stylesheets/style.css HTTP/1.1" 304 - "http://localhost:3000/" "Mozilla/5.0 (Windows NT 10.0; Win64; x64) AppleWebKit/537.36 (KHTML, like Gecko) Chrome/90.0.4430.212 Safari/537.36"
::1 - - [Wed, 02 Jun 2021 10:30:26 GMT] "GET /login HTTP/1.1" 200 1082 "http://localhost:3000/" "Mozilla/5.0 (Windows NT 10.0; Win64; x64) AppleWebKit/537.36 (KHTML, like Gecko) Chrome/90.0.4430.212 Safari/537.36"
::1 - - [Wed, 02 Jun 2021 10:30:26 GMT] "GET /stylesheets/style.css HTTP/1.1" 304 - "http://localhost:3000/login" "Mozilla/5.0 (Windows NT 10.0; Win64; x64) AppleWebKit/537.36 (KHTML, like Gecko) Chrome/90.0.4430.212 Safari/537.36"
::1 - - [Wed, 02 Jun 2021 10:30:40 GMT] "POST /login HTTP/1.1" 302 46 "http://localhost:3000/login" "Mozilla/5.0 (Windows NT 10.0; Win64; x64) AppleWebKit/537.36 (KHTML, like Gecko) Chrome/90.0.4430.212 Safari/537.36"
::1 - - [Wed, 02 Jun 2021 10:30:41 GMT] "GET / HTTP/1.1" 200 2306 "http://localhost:3000/login" "Mozilla/5.0 (Windows NT 10.0; Win64; x64) AppleWebKit/537.36 (KHTML, like Gecko) Chrome/90.0.4430.212 Safari/537.36"
::1 - - [Wed, 02 Jun 2021 10:30:41 GMT] "GET /stylesheets/style.css HTTP/1.1" 304 - "http://localhost:3000/" "Mozilla/5.0 (Windows NT 10.0; Win64; x64) AppleWebKit/537.36 (KHTML, like Gecko) Chrome/90.0.4430.212 Safari/537.36"
::1 - - [Wed, 02 Jun 2021 10:30:44 GMT] "GET /u/tutu/2021-6-2/SDK%E7%AE%A1%E7%90%86%E7%B3%BB%E7%BB%9F HTTP/1.1" 200 1908 "http://localhost:3000/" "Mozilla/5.0 (Windows NT 10.0; Win64; x64) AppleWebKit/537.36 (KHTML, like Gecko) Chrome/90.0.4430.212 Safari/537.36"
::1 - - [Wed, 02 Jun 2021 10:30:44 GMT] "GET /stylesheets/style.css HTTP/1.1" 304 - "http://localhost:3000/u/tutu/2021-6-2/SDK%E7%AE%A1%E7%90%86%E7%B3%BB%E7%BB%9F" "Mozilla/5.0 (Windows NT 10.0; Win64; x64) AppleWebKit/537.36 (KHTML, like Gecko) Chrome/90.0.4430.212 Safari/537.36"
::1 - - [Wed, 02 Jun 2021 10:31:42 GMT] "GET / HTTP/1.1" 200 2913 "-" "Mozilla/5.0 (Windows NT 10.0; Win64; x64) AppleWebKit/537.36 (KHTML, like Gecko) Chrome/90.0.4430.212 Safari/537.36"
::1 - - [Wed, 02 Jun 2021 10:31:42 GMT] "GET /stylesheets/style.css HTTP/1.1" 304 - "http://localhost:3000/" "Mozilla/5.0 (Windows NT 10.0; Win64; x64) AppleWebKit/537.36 (KHTML, like Gecko) Chrome/90.0.4430.212 Safari/537.36"
::1 - - [Wed, 02 Jun 2021 10:31:44 GMT] "GET /logout HTTP/1.1" 302 46 "http://localhost:3000/" "Mozilla/5.0 (Windows NT 10.0; Win64; x64) AppleWebKit/537.36 (KHTML, like Gecko) Chrome/90.0.4430.212 Safari/537.36"
::1 - - [Wed, 02 Jun 2021 10:31:44 GMT] "GET / HTTP/1.1" 200 2898 "http://localhost:3000/" "Mozilla/5.0 (Windows NT 10.0; Win64; x64) AppleWebKit/537.36 (KHTML, like Gecko) Chrome/90.0.4430.212 Safari/537.36"
::1 - - [Wed, 02 Jun 2021 10:31:44 GMT] "GET /stylesheets/style.css HTTP/1.1" 304 - "http://localhost:3000/" "Mozilla/5.0 (Windows NT 10.0; Win64; x64) AppleWebKit/537.36 (KHTML, like Gecko) Chrome/90.0.4430.212 Safari/537.36"
::1 - - [Wed, 02 Jun 2021 10:31:45 GMT] "GET /login HTTP/1.1" 200 1082 "http://localhost:3000/" "Mozilla/5.0 (Windows NT 10.0; Win64; x64) AppleWebKit/537.36 (KHTML, like Gecko) Chrome/90.0.4430.212 Safari/537.36"
::1 - - [Wed, 02 Jun 2021 10:31:45 GMT] "GET /stylesheets/style.css HTTP/1.1" 304 - "http://localhost:3000/login" "Mozilla/5.0 (Windows NT 10.0; Win64; x64) AppleWebKit/537.36 (KHTML, like Gecko) Chrome/90.0.4430.212 Safari/537.36"
::1 - - [Wed, 02 Jun 2021 10:31:52 GMT] "POST /login HTTP/1.1" 302 46 "http://localhost:3000/login" "Mozilla/5.0 (Windows NT 10.0; Win64; x64) AppleWebKit/537.36 (KHTML, like Gecko) Chrome/90.0.4430.212 Safari/537.36"
::1 - - [Wed, 02 Jun 2021 10:31:52 GMT] "GET / HTTP/1.1" 200 2963 "http://localhost:3000/login" "Mozilla/5.0 (Windows NT 10.0; Win64; x64) AppleWebKit/537.36 (KHTML, like Gecko) Chrome/90.0.4430.212 Safari/537.36"
::1 - - [Wed, 02 Jun 2021 10:31:52 GMT] "GET /stylesheets/style.css HTTP/1.1" 304 - "http://localhost:3000/" "Mozilla/5.0 (Windows NT 10.0; Win64; x64) AppleWebKit/537.36 (KHTML, like Gecko) Chrome/90.0.4430.212 Safari/537.36"
::1 - - [Wed, 02 Jun 2021 10:31:54 GMT] "GET /post HTTP/1.1" 200 1324 "http://localhost:3000/" "Mozilla/5.0 (Windows NT 10.0; Win64; x64) AppleWebKit/537.36 (KHTML, like Gecko) Chrome/90.0.4430.212 Safari/537.36"
::1 - - [Wed, 02 Jun 2021 10:31:54 GMT] "GET /stylesheets/style.css HTTP/1.1" 304 - "http://localhost:3000/post" "Mozilla/5.0 (Windows NT 10.0; Win64; x64) AppleWebKit/537.36 (KHTML, like Gecko) Chrome/90.0.4430.212 Safari/537.36"
::1 - - [Wed, 02 Jun 2021 10:32:06 GMT] "POST /post HTTP/1.1" 302 46 "http://localhost:3000/post" "Mozilla/5.0 (Windows NT 10.0; Win64; x64) AppleWebKit/537.36 (KHTML, like Gecko) Chrome/90.0.4430.212 Safari/537.36"
::1 - - [Wed, 02 Jun 2021 10:32:06 GMT] "GET / HTTP/1.1" 200 3514 "http://localhost:3000/post" "Mozilla/5.0 (Windows NT 10.0; Win64; x64) AppleWebKit/537.36 (KHTML, like Gecko) Chrome/90.0.4430.212 Safari/537.36"
::1 - - [Wed, 02 Jun 2021 10:32:06 GMT] "GET /stylesheets/style.css HTTP/1.1" 304 - "http://localhost:3000/" "Mozilla/5.0 (Windows NT 10.0; Win64; x64) AppleWebKit/537.36 (KHTML, like Gecko) Chrome/90.0.4430.212 Safari/537.36"
::1 - - [Wed, 02 Jun 2021 10:32:10 GMT] "GET /logout HTTP/1.1" 302 46 "http://localhost:3000/" "Mozilla/5.0 (Windows NT 10.0; Win64; x64) AppleWebKit/537.36 (KHTML, like Gecko) Chrome/90.0.4430.212 Safari/537.36"
::1 - - [Wed, 02 Jun 2021 10:32:10 GMT] "GET / HTTP/1.1" 200 3449 "http://localhost:3000/" "Mozilla/5.0 (Windows NT 10.0; Win64; x64) AppleWebKit/537.36 (KHTML, like Gecko) Chrome/90.0.4430.212 Safari/537.36"
::1 - - [Wed, 02 Jun 2021 10:32:10 GMT] "GET /stylesheets/style.css HTTP/1.1" 304 - "http://localhost:3000/" "Mozilla/5.0 (Windows NT 10.0; Win64; x64) AppleWebKit/537.36 (KHTML, like Gecko) Chrome/90.0.4430.212 Safari/537.36"
::1 - - [Wed, 02 Jun 2021 10:32:12 GMT] "GET /login HTTP/1.1" 200 1082 "http://localhost:3000/" "Mozilla/5.0 (Windows NT 10.0; Win64; x64) AppleWebKit/537.36 (KHTML, like Gecko) Chrome/90.0.4430.212 Safari/537.36"
::1 - - [Wed, 02 Jun 2021 10:32:12 GMT] "GET /stylesheets/style.css HTTP/1.1" 304 - "http://localhost:3000/login" "Mozilla/5.0 (Windows NT 10.0; Win64; x64) AppleWebKit/537.36 (KHTML, like Gecko) Chrome/90.0.4430.212 Safari/537.36"
::1 - - [Wed, 02 Jun 2021 10:32:14 GMT] "POST /login HTTP/1.1" 302 46 "http://localhost:3000/login" "Mozilla/5.0 (Windows NT 10.0; Win64; x64) AppleWebKit/537.36 (KHTML, like Gecko) Chrome/90.0.4430.212 Safari/537.36"
::1 - - [Wed, 02 Jun 2021 10:32:14 GMT] "GET / HTTP/1.1" 200 3514 "http://localhost:3000/login" "Mozilla/5.0 (Windows NT 10.0; Win64; x64) AppleWebKit/537.36 (KHTML, like Gecko) Chrome/90.0.4430.212 Safari/537.36"
::1 - - [Wed, 02 Jun 2021 10:32:14 GMT] "GET /stylesheets/style.css HTTP/1.1" 304 - "http://localhost:3000/" "Mozilla/5.0 (Windows NT 10.0; Win64; x64) AppleWebKit/537.36 (KHTML, like Gecko) Chrome/90.0.4430.212 Safari/537.36"
::1 - - [Wed, 02 Jun 2021 10:32:16 GMT] "GET /u/tutu/2021-6-2/%E9%9A%8F%E4%BE%BF%E4%BD%A0%E8%BD%AC%E8%BD%BD HTTP/1.1" 200 1820 "http://localhost:3000/" "Mozilla/5.0 (Windows NT 10.0; Win64; x64) AppleWebKit/537.36 (KHTML, like Gecko) Chrome/90.0.4430.212 Safari/537.36"
::1 - - [Wed, 02 Jun 2021 10:32:16 GMT] "GET /stylesheets/style.css HTTP/1.1" 304 - "http://localhost:3000/u/tutu/2021-6-2/%E9%9A%8F%E4%BE%BF%E4%BD%A0%E8%BD%AC%E8%BD%BD" "Mozilla/5.0 (Windows NT 10.0; Win64; x64) AppleWebKit/537.36 (KHTML, like Gecko) Chrome/90.0.4430.212 Safari/537.36"
::1 - - [Wed, 02 Jun 2021 10:32:17 GMT] "GET /reprint/tutu/2021-6-2/%E9%9A%8F%E4%BE%BF%E4%BD%A0%E8%BD%AC%E8%BD%BD HTTP/1.1" 302 180 "http://localhost:3000/u/tutu/2021-6-2/%E9%9A%8F%E4%BE%BF%E4%BD%A0%E8%BD%AC%E8%BD%BD" "Mozilla/5.0 (Windows NT 10.0; Win64; x64) AppleWebKit/537.36 (KHTML, like Gecko) Chrome/90.0.4430.212 Safari/537.36"
::1 - - [Wed, 02 Jun 2021 10:32:17 GMT] "GET /u/1/2021-6-2/[reprint]%E9%9A%8F%E4%BE%BF%E4%BD%A0%E8%BD%AC%E8%BD%BD HTTP/1.1" 200 2069 "http://localhost:3000/u/tutu/2021-6-2/%E9%9A%8F%E4%BE%BF%E4%BD%A0%E8%BD%AC%E8%BD%BD" "Mozilla/5.0 (Windows NT 10.0; Win64; x64) AppleWebKit/537.36 (KHTML, like Gecko) Chrome/90.0.4430.212 Safari/537.36"
::1 - - [Wed, 02 Jun 2021 10:32:17 GMT] "GET /stylesheets/style.css HTTP/1.1" 304 - "http://localhost:3000/u/1/2021-6-2/[reprint]%E9%9A%8F%E4%BE%BF%E4%BD%A0%E8%BD%AC%E8%BD%BD" "Mozilla/5.0 (Windows NT 10.0; Win64; x64) AppleWebKit/537.36 (KHTML, like Gecko) Chrome/90.0.4430.212 Safari/537.36"
::1 - - [Wed, 02 Jun 2021 10:32:27 GMT] "GET /u/tutu/2021-6-2/%E9%9A%8F%E4%BE%BF%E4%BD%A0%E8%BD%AC%E8%BD%BD HTTP/1.1" 200 1743 "http://localhost:3000/u/1/2021-6-2/[reprint]%E9%9A%8F%E4%BE%BF%E4%BD%A0%E8%BD%AC%E8%BD%BD" "Mozilla/5.0 (Windows NT 10.0; Win64; x64) AppleWebKit/537.36 (KHTML, like Gecko) Chrome/90.0.4430.212 Safari/537.36"
::1 - - [Wed, 02 Jun 2021 10:32:27 GMT] "GET /stylesheets/style.css HTTP/1.1" 304 - "http://localhost:3000/u/tutu/2021-6-2/%E9%9A%8F%E4%BE%BF%E4%BD%A0%E8%BD%AC%E8%BD%BD" "Mozilla/5.0 (Windows NT 10.0; Win64; x64) AppleWebKit/537.36 (KHTML, like Gecko) Chrome/90.0.4430.212 Safari/537.36"
::1 - - [Wed, 02 Jun 2021 10:32:30 GMT] "GET / HTTP/1.1" 200 4034 "-" "Mozilla/5.0 (Windows NT 10.0; Win64; x64) AppleWebKit/537.36 (KHTML, like Gecko) Chrome/90.0.4430.212 Safari/537.36"
::1 - - [Wed, 02 Jun 2021 10:32:30 GMT] "GET /stylesheets/style.css HTTP/1.1" 304 - "http://localhost:3000/" "Mozilla/5.0 (Windows NT 10.0; Win64; x64) AppleWebKit/537.36 (KHTML, like Gecko) Chrome/90.0.4430.212 Safari/537.36"
::1 - - [Thu, 03 Jun 2021 06:32:48 GMT] "GET / HTTP/1.1" 200 4034 "http://localhost:3000/login" "Mozilla/5.0 (Windows NT 10.0; Win64; x64) AppleWebKit/537.36 (KHTML, like Gecko) Chrome/90.0.4430.212 Safari/537.36"
::1 - - [Thu, 03 Jun 2021 06:32:48 GMT] "GET /stylesheets/style.css HTTP/1.1" 304 - "http://localhost:3000/" "Mozilla/5.0 (Windows NT 10.0; Win64; x64) AppleWebKit/537.36 (KHTML, like Gecko) Chrome/90.0.4430.212 Safari/537.36"
::1 - - [Thu, 03 Jun 2021 06:33:04 GMT] "GET /logout HTTP/1.1" 302 46 "http://localhost:3000/" "Mozilla/5.0 (Windows NT 10.0; Win64; x64) AppleWebKit/537.36 (KHTML, like Gecko) Chrome/90.0.4430.212 Safari/537.36"
::1 - - [Thu, 03 Jun 2021 06:33:04 GMT] "GET / HTTP/1.1" 200 4019 "http://localhost:3000/" "Mozilla/5.0 (Windows NT 10.0; Win64; x64) AppleWebKit/537.36 (KHTML, like Gecko) Chrome/90.0.4430.212 Safari/537.36"
::1 - - [Thu, 03 Jun 2021 06:33:04 GMT] "GET /stylesheets/style.css HTTP/1.1" 304 - "http://localhost:3000/" "Mozilla/5.0 (Windows NT 10.0; Win64; x64) AppleWebKit/537.36 (KHTML, like Gecko) Chrome/90.0.4430.212 Safari/537.36"
::1 - - [Thu, 03 Jun 2021 06:33:07 GMT] "GET /reg HTTP/1.1" 200 1223 "http://localhost:3000/" "Mozilla/5.0 (Windows NT 10.0; Win64; x64) AppleWebKit/537.36 (KHTML, like Gecko) Chrome/90.0.4430.212 Safari/537.36"
::1 - - [Thu, 03 Jun 2021 06:33:07 GMT] "GET /stylesheets/style.css HTTP/1.1" 304 - "http://localhost:3000/reg" "Mozilla/5.0 (Windows NT 10.0; Win64; x64) AppleWebKit/537.36 (KHTML, like Gecko) Chrome/90.0.4430.212 Safari/537.36"
::1 - - [Thu, 03 Jun 2021 06:33:15 GMT] "POST /reg HTTP/1.1" 302 46 "http://localhost:3000/reg" "Mozilla/5.0 (Windows NT 10.0; Win64; x64) AppleWebKit/537.36 (KHTML, like Gecko) Chrome/90.0.4430.212 Safari/537.36"
::1 - - [Thu, 03 Jun 2021 06:33:15 GMT] "GET / HTTP/1.1" 200 4019 "http://localhost:3000/reg" "Mozilla/5.0 (Windows NT 10.0; Win64; x64) AppleWebKit/537.36 (KHTML, like Gecko) Chrome/90.0.4430.212 Safari/537.36"
::1 - - [Thu, 03 Jun 2021 06:33:15 GMT] "GET /stylesheets/style.css HTTP/1.1" 304 - "http://localhost:3000/" "Mozilla/5.0 (Windows NT 10.0; Win64; x64) AppleWebKit/537.36 (KHTML, like Gecko) Chrome/90.0.4430.212 Safari/537.36"
::1 - - [Thu, 03 Jun 2021 06:33:16 GMT] "GET /login HTTP/1.1" 200 1082 "http://localhost:3000/" "Mozilla/5.0 (Windows NT 10.0; Win64; x64) AppleWebKit/537.36 (KHTML, like Gecko) Chrome/90.0.4430.212 Safari/537.36"
::1 - - [Thu, 03 Jun 2021 06:33:17 GMT] "GET /stylesheets/style.css HTTP/1.1" 304 - "http://localhost:3000/login" "Mozilla/5.0 (Windows NT 10.0; Win64; x64) AppleWebKit/537.36 (KHTML, like Gecko) Chrome/90.0.4430.212 Safari/537.36"
::1 - - [Thu, 03 Jun 2021 06:33:19 GMT] "POST /login HTTP/1.1" 302 46 "http://localhost:3000/login" "Mozilla/5.0 (Windows NT 10.0; Win64; x64) AppleWebKit/537.36 (KHTML, like Gecko) Chrome/90.0.4430.212 Safari/537.36"
::1 - - [Thu, 03 Jun 2021 06:33:19 GMT] "GET / HTTP/1.1" 200 4084 "http://localhost:3000/login" "Mozilla/5.0 (Windows NT 10.0; Win64; x64) AppleWebKit/537.36 (KHTML, like Gecko) Chrome/90.0.4430.212 Safari/537.36"
::1 - - [Thu, 03 Jun 2021 06:33:19 GMT] "GET /stylesheets/style.css HTTP/1.1" 304 - "http://localhost:3000/" "Mozilla/5.0 (Windows NT 10.0; Win64; x64) AppleWebKit/537.36 (KHTML, like Gecko) Chrome/90.0.4430.212 Safari/537.36"
::1 - - [Thu, 03 Jun 2021 09:54:54 GMT] "GET / HTTP/1.1" 200 1650 "http://localhost:3000/login" "Mozilla/5.0 (Windows NT 10.0; Win64; x64) AppleWebKit/537.36 (KHTML, like Gecko) Chrome/90.0.4430.212 Safari/537.36"
::1 - - [Thu, 03 Jun 2021 09:54:54 GMT] "GET /stylesheets/style.css HTTP/1.1" 304 - "http://localhost:3000/" "Mozilla/5.0 (Windows NT 10.0; Win64; x64) AppleWebKit/537.36 (KHTML, like Gecko) Chrome/90.0.4430.212 Safari/537.36"
::1 - - [Thu, 03 Jun 2021 09:54:54 GMT] "GET /kindEditor/lang/zh_CN.js HTTP/1.1" 200 317 "http://localhost:3000/" "Mozilla/5.0 (Windows NT 10.0; Win64; x64) AppleWebKit/537.36 (KHTML, like Gecko) Chrome/90.0.4430.212 Safari/537.36"
::1 - - [Thu, 03 Jun 2021 09:54:54 GMT] "GET /kindEditor/kindeditor-all-min.js HTTP/1.1" 200 186001 "http://localhost:3000/" "Mozilla/5.0 (Windows NT 10.0; Win64; x64) AppleWebKit/537.36 (KHTML, like Gecko) Chrome/90.0.4430.212 Safari/537.36"
::1 - - [Thu, 03 Jun 2021 09:54:54 GMT] "GET /kindEditor/themes/default/default.css HTTP/1.1" 200 20773 "http://localhost:3000/" "Mozilla/5.0 (Windows NT 10.0; Win64; x64) AppleWebKit/537.36 (KHTML, like Gecko) Chrome/90.0.4430.212 Safari/537.36"
::1 - - [Thu, 03 Jun 2021 09:54:56 GMT] "GET /login HTTP/1.1" 200 1804 "http://localhost:3000/" "Mozilla/5.0 (Windows NT 10.0; Win64; x64) AppleWebKit/537.36 (KHTML, like Gecko) Chrome/90.0.4430.212 Safari/537.36"
::1 - - [Thu, 03 Jun 2021 09:54:56 GMT] "GET /stylesheets/style.css HTTP/1.1" 304 - "http://localhost:3000/login" "Mozilla/5.0 (Windows NT 10.0; Win64; x64) AppleWebKit/537.36 (KHTML, like Gecko) Chrome/90.0.4430.212 Safari/537.36"
::1 - - [Thu, 03 Jun 2021 09:54:56 GMT] "GET /kindEditor/kindeditor-all-min.js HTTP/1.1" 304 - "http://localhost:3000/login" "Mozilla/5.0 (Windows NT 10.0; Win64; x64) AppleWebKit/537.36 (KHTML, like Gecko) Chrome/90.0.4430.212 Safari/537.36"
::1 - - [Thu, 03 Jun 2021 09:54:56 GMT] "GET /kindEditor/lang/zh_CN.js HTTP/1.1" 304 - "http://localhost:3000/login" "Mozilla/5.0 (Windows NT 10.0; Win64; x64) AppleWebKit/537.36 (KHTML, like Gecko) Chrome/90.0.4430.212 Safari/537.36"
::1 - - [Thu, 03 Jun 2021 09:54:56 GMT] "GET /kindEditor/themes/default/default.css HTTP/1.1" 304 - "http://localhost:3000/login" "Mozilla/5.0 (Windows NT 10.0; Win64; x64) AppleWebKit/537.36 (KHTML, like Gecko) Chrome/90.0.4430.212 Safari/537.36"
::1 - - [Thu, 03 Jun 2021 09:54:59 GMT] "POST /login HTTP/1.1" 302 56 "http://localhost:3000/login" "Mozilla/5.0 (Windows NT 10.0; Win64; x64) AppleWebKit/537.36 (KHTML, like Gecko) Chrome/90.0.4430.212 Safari/537.36"
::1 - - [Thu, 03 Jun 2021 09:54:59 GMT] "GET /login HTTP/1.1" 200 1853 "http://localhost:3000/login" "Mozilla/5.0 (Windows NT 10.0; Win64; x64) AppleWebKit/537.36 (KHTML, like Gecko) Chrome/90.0.4430.212 Safari/537.36"
::1 - - [Thu, 03 Jun 2021 09:54:59 GMT] "GET /stylesheets/style.css HTTP/1.1" 304 - "http://localhost:3000/login" "Mozilla/5.0 (Windows NT 10.0; Win64; x64) AppleWebKit/537.36 (KHTML, like Gecko) Chrome/90.0.4430.212 Safari/537.36"
::1 - - [Thu, 03 Jun 2021 09:54:59 GMT] "GET /kindEditor/kindeditor-all-min.js HTTP/1.1" 304 - "http://localhost:3000/login" "Mozilla/5.0 (Windows NT 10.0; Win64; x64) AppleWebKit/537.36 (KHTML, like Gecko) Chrome/90.0.4430.212 Safari/537.36"
::1 - - [Thu, 03 Jun 2021 09:54:59 GMT] "GET /kindEditor/lang/zh_CN.js HTTP/1.1" 304 - "http://localhost:3000/login" "Mozilla/5.0 (Windows NT 10.0; Win64; x64) AppleWebKit/537.36 (KHTML, like Gecko) Chrome/90.0.4430.212 Safari/537.36"
::1 - - [Thu, 03 Jun 2021 09:54:59 GMT] "GET /kindEditor/themes/default/default.css HTTP/1.1" 304 - "http://localhost:3000/login" "Mozilla/5.0 (Windows NT 10.0; Win64; x64) AppleWebKit/537.36 (KHTML, like Gecko) Chrome/90.0.4430.212 Safari/537.36"
::1 - - [Thu, 03 Jun 2021 09:55:18 GMT] "GET /reg HTTP/1.1" 200 1945 "http://localhost:3000/login" "Mozilla/5.0 (Windows NT 10.0; Win64; x64) AppleWebKit/537.36 (KHTML, like Gecko) Chrome/90.0.4430.212 Safari/537.36"
::1 - - [Thu, 03 Jun 2021 09:55:18 GMT] "GET /stylesheets/style.css HTTP/1.1" 304 - "http://localhost:3000/reg" "Mozilla/5.0 (Windows NT 10.0; Win64; x64) AppleWebKit/537.36 (KHTML, like Gecko) Chrome/90.0.4430.212 Safari/537.36"
::1 - - [Thu, 03 Jun 2021 09:55:18 GMT] "GET /kindEditor/kindeditor-all-min.js HTTP/1.1" 304 - "http://localhost:3000/reg" "Mozilla/5.0 (Windows NT 10.0; Win64; x64) AppleWebKit/537.36 (KHTML, like Gecko) Chrome/90.0.4430.212 Safari/537.36"
::1 - - [Thu, 03 Jun 2021 09:55:18 GMT] "GET /kindEditor/lang/zh_CN.js HTTP/1.1" 304 - "http://localhost:3000/reg" "Mozilla/5.0 (Windows NT 10.0; Win64; x64) AppleWebKit/537.36 (KHTML, like Gecko) Chrome/90.0.4430.212 Safari/537.36"
::1 - - [Thu, 03 Jun 2021 09:55:18 GMT] "GET /kindEditor/themes/default/default.css HTTP/1.1" 304 - "http://localhost:3000/reg" "Mozilla/5.0 (Windows NT 10.0; Win64; x64) AppleWebKit/537.36 (KHTML, like Gecko) Chrome/90.0.4430.212 Safari/537.36"
::1 - - [Thu, 03 Jun 2021 09:55:24 GMT] "POST /reg HTTP/1.1" 302 46 "http://localhost:3000/reg" "Mozilla/5.0 (Windows NT 10.0; Win64; x64) AppleWebKit/537.36 (KHTML, like Gecko) Chrome/90.0.4430.212 Safari/537.36"
::1 - - [Thu, 03 Jun 2021 09:55:24 GMT] "GET / HTTP/1.1" 200 1696 "http://localhost:3000/reg" "Mozilla/5.0 (Windows NT 10.0; Win64; x64) AppleWebKit/537.36 (KHTML, like Gecko) Chrome/90.0.4430.212 Safari/537.36"
::1 - - [Thu, 03 Jun 2021 09:55:24 GMT] "GET /stylesheets/style.css HTTP/1.1" 304 - "http://localhost:3000/" "Mozilla/5.0 (Windows NT 10.0; Win64; x64) AppleWebKit/537.36 (KHTML, like Gecko) Chrome/90.0.4430.212 Safari/537.36"
::1 - - [Thu, 03 Jun 2021 09:55:24 GMT] "GET /kindEditor/kindeditor-all-min.js HTTP/1.1" 304 - "http://localhost:3000/" "Mozilla/5.0 (Windows NT 10.0; Win64; x64) AppleWebKit/537.36 (KHTML, like Gecko) Chrome/90.0.4430.212 Safari/537.36"
::1 - - [Thu, 03 Jun 2021 09:55:24 GMT] "GET /kindEditor/lang/zh_CN.js HTTP/1.1" 304 - "http://localhost:3000/" "Mozilla/5.0 (Windows NT 10.0; Win64; x64) AppleWebKit/537.36 (KHTML, like Gecko) Chrome/90.0.4430.212 Safari/537.36"
::1 - - [Thu, 03 Jun 2021 09:55:24 GMT] "GET /kindEditor/themes/default/default.css HTTP/1.1" 304 - "http://localhost:3000/" "Mozilla/5.0 (Windows NT 10.0; Win64; x64) AppleWebKit/537.36 (KHTML, like Gecko) Chrome/90.0.4430.212 Safari/537.36"
::1 - - [Thu, 03 Jun 2021 09:55:26 GMT] "GET /login HTTP/1.1" 200 1804 "http://localhost:3000/" "Mozilla/5.0 (Windows NT 10.0; Win64; x64) AppleWebKit/537.36 (KHTML, like Gecko) Chrome/90.0.4430.212 Safari/537.36"
::1 - - [Thu, 03 Jun 2021 09:55:26 GMT] "GET /stylesheets/style.css HTTP/1.1" 304 - "http://localhost:3000/login" "Mozilla/5.0 (Windows NT 10.0; Win64; x64) AppleWebKit/537.36 (KHTML, like Gecko) Chrome/90.0.4430.212 Safari/537.36"
::1 - - [Thu, 03 Jun 2021 09:55:26 GMT] "GET /kindEditor/kindeditor-all-min.js HTTP/1.1" 304 - "http://localhost:3000/login" "Mozilla/5.0 (Windows NT 10.0; Win64; x64) AppleWebKit/537.36 (KHTML, like Gecko) Chrome/90.0.4430.212 Safari/537.36"
::1 - - [Thu, 03 Jun 2021 09:55:26 GMT] "GET /kindEditor/lang/zh_CN.js HTTP/1.1" 304 - "http://localhost:3000/login" "Mozilla/5.0 (Windows NT 10.0; Win64; x64) AppleWebKit/537.36 (KHTML, like Gecko) Chrome/90.0.4430.212 Safari/537.36"
::1 - - [Thu, 03 Jun 2021 09:55:26 GMT] "GET /kindEditor/themes/default/default.css HTTP/1.1" 304 - "http://localhost:3000/login" "Mozilla/5.0 (Windows NT 10.0; Win64; x64) AppleWebKit/537.36 (KHTML, like Gecko) Chrome/90.0.4430.212 Safari/537.36"
::1 - - [Thu, 03 Jun 2021 09:55:29 GMT] "POST /login HTTP/1.1" 302 46 "http://localhost:3000/login" "Mozilla/5.0 (Windows NT 10.0; Win64; x64) AppleWebKit/537.36 (KHTML, like Gecko) Chrome/90.0.4430.212 Safari/537.36"
::1 - - [Thu, 03 Jun 2021 09:55:29 GMT] "GET / HTTP/1.1" 200 1761 "http://localhost:3000/login" "Mozilla/5.0 (Windows NT 10.0; Win64; x64) AppleWebKit/537.36 (KHTML, like Gecko) Chrome/90.0.4430.212 Safari/537.36"
::1 - - [Thu, 03 Jun 2021 09:55:29 GMT] "GET /stylesheets/style.css HTTP/1.1" 304 - "http://localhost:3000/" "Mozilla/5.0 (Windows NT 10.0; Win64; x64) AppleWebKit/537.36 (KHTML, like Gecko) Chrome/90.0.4430.212 Safari/537.36"
::1 - - [Thu, 03 Jun 2021 09:55:29 GMT] "GET /kindEditor/kindeditor-all-min.js HTTP/1.1" 304 - "http://localhost:3000/" "Mozilla/5.0 (Windows NT 10.0; Win64; x64) AppleWebKit/537.36 (KHTML, like Gecko) Chrome/90.0.4430.212 Safari/537.36"
::1 - - [Thu, 03 Jun 2021 09:55:29 GMT] "GET /kindEditor/lang/zh_CN.js HTTP/1.1" 304 - "http://localhost:3000/" "Mozilla/5.0 (Windows NT 10.0; Win64; x64) AppleWebKit/537.36 (KHTML, like Gecko) Chrome/90.0.4430.212 Safari/537.36"
::1 - - [Thu, 03 Jun 2021 09:55:29 GMT] "GET /kindEditor/themes/default/default.css HTTP/1.1" 304 - "http://localhost:3000/" "Mozilla/5.0 (Windows NT 10.0; Win64; x64) AppleWebKit/537.36 (KHTML, like Gecko) Chrome/90.0.4430.212 Safari/537.36"
::1 - - [Thu, 03 Jun 2021 09:55:30 GMT] "GET /post HTTP/1.1" 200 2046 "http://localhost:3000/" "Mozilla/5.0 (Windows NT 10.0; Win64; x64) AppleWebKit/537.36 (KHTML, like Gecko) Chrome/90.0.4430.212 Safari/537.36"
::1 - - [Thu, 03 Jun 2021 09:55:30 GMT] "GET /stylesheets/style.css HTTP/1.1" 304 - "http://localhost:3000/post" "Mozilla/5.0 (Windows NT 10.0; Win64; x64) AppleWebKit/537.36 (KHTML, like Gecko) Chrome/90.0.4430.212 Safari/537.36"
::1 - - [Thu, 03 Jun 2021 09:55:30 GMT] "GET /kindEditor/kindeditor-all-min.js HTTP/1.1" 304 - "http://localhost:3000/post" "Mozilla/5.0 (Windows NT 10.0; Win64; x64) AppleWebKit/537.36 (KHTML, like Gecko) Chrome/90.0.4430.212 Safari/537.36"
::1 - - [Thu, 03 Jun 2021 09:55:30 GMT] "GET /kindEditor/lang/zh_CN.js HTTP/1.1" 304 - "http://localhost:3000/post" "Mozilla/5.0 (Windows NT 10.0; Win64; x64) AppleWebKit/537.36 (KHTML, like Gecko) Chrome/90.0.4430.212 Safari/537.36"
::1 - - [Thu, 03 Jun 2021 09:55:30 GMT] "GET /kindEditor/themes/default/default.css HTTP/1.1" 304 - "http://localhost:3000/post" "Mozilla/5.0 (Windows NT 10.0; Win64; x64) AppleWebKit/537.36 (KHTML, like Gecko) Chrome/90.0.4430.212 Safari/537.36"
::1 - - [Thu, 03 Jun 2021 09:55:30 GMT] "GET /kindEditor/themes/default/default.png HTTP/1.1" 200 8299 "http://localhost:3000/kindEditor/themes/default/default.css" "Mozilla/5.0 (Windows NT 10.0; Win64; x64) AppleWebKit/537.36 (KHTML, like Gecko) Chrome/90.0.4430.212 Safari/537.36"
::1 - - [Thu, 03 Jun 2021 09:55:49 GMT] "GET /kindEditor/plugins/emoticons/images/0.gif HTTP/1.1" 200 1810 "http://localhost:3000/post" "Mozilla/5.0 (Windows NT 10.0; Win64; x64) AppleWebKit/537.36 (KHTML, like Gecko) Chrome/90.0.4430.212 Safari/537.36"
::1 - - [Thu, 03 Jun 2021 09:55:49 GMT] "GET /kindEditor/plugins/emoticons/images/static.gif HTTP/1.1" 200 35504 "http://localhost:3000/post" "Mozilla/5.0 (Windows NT 10.0; Win64; x64) AppleWebKit/537.36 (KHTML, like Gecko) Chrome/90.0.4430.212 Safari/537.36"
::1 - - [Thu, 03 Jun 2021 09:55:50 GMT] "GET /kindEditor/plugins/emoticons/images/1.gif HTTP/1.1" 200 1582 "http://localhost:3000/post" "Mozilla/5.0 (Windows NT 10.0; Win64; x64) AppleWebKit/537.36 (KHTML, like Gecko) Chrome/90.0.4430.212 Safari/537.36"
::1 - - [Thu, 03 Jun 2021 09:55:50 GMT] "GET /kindEditor/plugins/emoticons/images/1.gif HTTP/1.1" 304 - "http://localhost:3000/post" "Mozilla/5.0 (Windows NT 10.0; Win64; x64) AppleWebKit/537.36 (KHTML, like Gecko) Chrome/90.0.4430.212 Safari/537.36"
::1 - - [Thu, 03 Jun 2021 09:55:56 GMT] "POST /post HTTP/1.1" 302 46 "http://localhost:3000/post" "Mozilla/5.0 (Windows NT 10.0; Win64; x64) AppleWebKit/537.36 (KHTML, like Gecko) Chrome/90.0.4430.212 Safari/537.36"
::1 - - [Thu, 03 Jun 2021 09:55:56 GMT] "GET / HTTP/1.1" 200 2635 "http://localhost:3000/post" "Mozilla/5.0 (Windows NT 10.0; Win64; x64) AppleWebKit/537.36 (KHTML, like Gecko) Chrome/90.0.4430.212 Safari/537.36"
::1 - - [Thu, 03 Jun 2021 09:55:56 GMT] "GET /stylesheets/style.css HTTP/1.1" 304 - "http://localhost:3000/" "Mozilla/5.0 (Windows NT 10.0; Win64; x64) AppleWebKit/537.36 (KHTML, like Gecko) Chrome/90.0.4430.212 Safari/537.36"
::1 - - [Thu, 03 Jun 2021 09:55:56 GMT] "GET /kindEditor/kindeditor-all-min.js HTTP/1.1" 304 - "http://localhost:3000/" "Mozilla/5.0 (Windows NT 10.0; Win64; x64) AppleWebKit/537.36 (KHTML, like Gecko) Chrome/90.0.4430.212 Safari/537.36"
::1 - - [Thu, 03 Jun 2021 09:55:56 GMT] "GET /kindEditor/lang/zh_CN.js HTTP/1.1" 304 - "http://localhost:3000/" "Mozilla/5.0 (Windows NT 10.0; Win64; x64) AppleWebKit/537.36 (KHTML, like Gecko) Chrome/90.0.4430.212 Safari/537.36"
::1 - - [Thu, 03 Jun 2021 09:55:56 GMT] "GET /kindEditor/plugins/emoticons/images/1.gif HTTP/1.1" 304 - "http://localhost:3000/" "Mozilla/5.0 (Windows NT 10.0; Win64; x64) AppleWebKit/537.36 (KHTML, like Gecko) Chrome/90.0.4430.212 Safari/537.36"
::1 - - [Thu, 03 Jun 2021 09:55:56 GMT] "GET /kindEditor/themes/default/default.css HTTP/1.1" 304 - "http://localhost:3000/" "Mozilla/5.0 (Windows NT 10.0; Win64; x64) AppleWebKit/537.36 (KHTML, like Gecko) Chrome/90.0.4430.212 Safari/537.36"
::1 - - [Thu, 03 Jun 2021 09:56:00 GMT] "GET /u/tutu/2021-6-3/%E5%90%8E%E5%8F%B0%E7%AE%A1%E7%90%86%E7%B3%BB%E7%BB%9F HTTP/1.1" 200 2973 "http://localhost:3000/" "Mozilla/5.0 (Windows NT 10.0; Win64; x64) AppleWebKit/537.36 (KHTML, like Gecko) Chrome/90.0.4430.212 Safari/537.36"
::1 - - [Thu, 03 Jun 2021 09:56:00 GMT] "GET /stylesheets/style.css HTTP/1.1" 304 - "http://localhost:3000/u/tutu/2021-6-3/%E5%90%8E%E5%8F%B0%E7%AE%A1%E7%90%86%E7%B3%BB%E7%BB%9F" "Mozilla/5.0 (Windows NT 10.0; Win64; x64) AppleWebKit/537.36 (KHTML, like Gecko) Chrome/90.0.4430.212 Safari/537.36"
::1 - - [Thu, 03 Jun 2021 09:56:00 GMT] "GET /kindEditor/kindeditor-all-min.js HTTP/1.1" 304 - "http://localhost:3000/u/tutu/2021-6-3/%E5%90%8E%E5%8F%B0%E7%AE%A1%E7%90%86%E7%B3%BB%E7%BB%9F" "Mozilla/5.0 (Windows NT 10.0; Win64; x64) AppleWebKit/537.36 (KHTML, like Gecko) Chrome/90.0.4430.212 Safari/537.36"
::1 - - [Thu, 03 Jun 2021 09:56:00 GMT] "GET /kindEditor/lang/zh_CN.js HTTP/1.1" 304 - "http://localhost:3000/u/tutu/2021-6-3/%E5%90%8E%E5%8F%B0%E7%AE%A1%E7%90%86%E7%B3%BB%E7%BB%9F" "Mozilla/5.0 (Windows NT 10.0; Win64; x64) AppleWebKit/537.36 (KHTML, like Gecko) Chrome/90.0.4430.212 Safari/537.36"
::1 - - [Thu, 03 Jun 2021 09:56:00 GMT] "GET /kindEditor/plugins/emoticons/images/1.gif HTTP/1.1" 304 - "http://localhost:3000/u/tutu/2021-6-3/%E5%90%8E%E5%8F%B0%E7%AE%A1%E7%90%86%E7%B3%BB%E7%BB%9F" "Mozilla/5.0 (Windows NT 10.0; Win64; x64) AppleWebKit/537.36 (KHTML, like Gecko) Chrome/90.0.4430.212 Safari/537.36"
::1 - - [Thu, 03 Jun 2021 09:56:00 GMT] "GET /kindEditor/themes/default/default.css HTTP/1.1" 304 - "http://localhost:3000/u/tutu/2021-6-3/%E5%90%8E%E5%8F%B0%E7%AE%A1%E7%90%86%E7%B3%BB%E7%BB%9F" "Mozilla/5.0 (Windows NT 10.0; Win64; x64) AppleWebKit/537.36 (KHTML, like Gecko) Chrome/90.0.4430.212 Safari/537.36"
::1 - - [Thu, 03 Jun 2021 09:56:04 GMT] "GET /kindEditor/plugins/emoticons/images/0.gif HTTP/1.1" 304 - "http://localhost:3000/u/tutu/2021-6-3/%E5%90%8E%E5%8F%B0%E7%AE%A1%E7%90%86%E7%B3%BB%E7%BB%9F" "Mozilla/5.0 (Windows NT 10.0; Win64; x64) AppleWebKit/537.36 (KHTML, like Gecko) Chrome/90.0.4430.212 Safari/537.36"
::1 - - [Thu, 03 Jun 2021 09:56:04 GMT] "GET /kindEditor/plugins/emoticons/images/static.gif HTTP/1.1" 304 - "http://localhost:3000/u/tutu/2021-6-3/%E5%90%8E%E5%8F%B0%E7%AE%A1%E7%90%86%E7%B3%BB%E7%BB%9F" "Mozilla/5.0 (Windows NT 10.0; Win64; x64) AppleWebKit/537.36 (KHTML, like Gecko) Chrome/90.0.4430.212 Safari/537.36"
::1 - - [Thu, 03 Jun 2021 09:56:05 GMT] "GET /kindEditor/plugins/emoticons/images/1.gif HTTP/1.1" 304 - "http://localhost:3000/u/tutu/2021-6-3/%E5%90%8E%E5%8F%B0%E7%AE%A1%E7%90%86%E7%B3%BB%E7%BB%9F" "Mozilla/5.0 (Windows NT 10.0; Win64; x64) AppleWebKit/537.36 (KHTML, like Gecko) Chrome/90.0.4430.212 Safari/537.36"
::1 - - [Thu, 03 Jun 2021 09:56:06 GMT] "POST /u/tutu/2021-6-3/%E5%90%8E%E5%8F%B0%E7%AE%A1%E7%90%86%E7%B3%BB%E7%BB%9F HTTP/1.1" 302 228 "http://localhost:3000/u/tutu/2021-6-3/%E5%90%8E%E5%8F%B0%E7%AE%A1%E7%90%86%E7%B3%BB%E7%BB%9F" "Mozilla/5.0 (Windows NT 10.0; Win64; x64) AppleWebKit/537.36 (KHTML, like Gecko) Chrome/90.0.4430.212 Safari/537.36"
::1 - - [Thu, 03 Jun 2021 09:56:06 GMT] "GET /u/tutu/2021-6-3/%E5%90%8E%E5%8F%B0%E7%AE%A1%E7%90%86%E7%B3%BB%E7%BB%9F HTTP/1.1" 200 3430 "http://localhost:3000/u/tutu/2021-6-3/%E5%90%8E%E5%8F%B0%E7%AE%A1%E7%90%86%E7%B3%BB%E7%BB%9F" "Mozilla/5.0 (Windows NT 10.0; Win64; x64) AppleWebKit/537.36 (KHTML, like Gecko) Chrome/90.0.4430.212 Safari/537.36"
::1 - - [Thu, 03 Jun 2021 09:56:06 GMT] "GET /stylesheets/style.css HTTP/1.1" 304 - "http://localhost:3000/u/tutu/2021-6-3/%E5%90%8E%E5%8F%B0%E7%AE%A1%E7%90%86%E7%B3%BB%E7%BB%9F" "Mozilla/5.0 (Windows NT 10.0; Win64; x64) AppleWebKit/537.36 (KHTML, like Gecko) Chrome/90.0.4430.212 Safari/537.36"
::1 - - [Thu, 03 Jun 2021 09:56:06 GMT] "GET /kindEditor/kindeditor-all-min.js HTTP/1.1" 304 - "http://localhost:3000/u/tutu/2021-6-3/%E5%90%8E%E5%8F%B0%E7%AE%A1%E7%90%86%E7%B3%BB%E7%BB%9F" "Mozilla/5.0 (Windows NT 10.0; Win64; x64) AppleWebKit/537.36 (KHTML, like Gecko) Chrome/90.0.4430.212 Safari/537.36"
::1 - - [Thu, 03 Jun 2021 09:56:06 GMT] "GET /kindEditor/lang/zh_CN.js HTTP/1.1" 304 - "http://localhost:3000/u/tutu/2021-6-3/%E5%90%8E%E5%8F%B0%E7%AE%A1%E7%90%86%E7%B3%BB%E7%BB%9F" "Mozilla/5.0 (Windows NT 10.0; Win64; x64) AppleWebKit/537.36 (KHTML, like Gecko) Chrome/90.0.4430.212 Safari/537.36"
::1 - - [Thu, 03 Jun 2021 09:56:06 GMT] "GET /kindEditor/plugins/emoticons/images/1.gif HTTP/1.1" 304 - "http://localhost:3000/u/tutu/2021-6-3/%E5%90%8E%E5%8F%B0%E7%AE%A1%E7%90%86%E7%B3%BB%E7%BB%9F" "Mozilla/5.0 (Windows NT 10.0; Win64; x64) AppleWebKit/537.36 (KHTML, like Gecko) Chrome/90.0.4430.212 Safari/537.36"
::1 - - [Thu, 03 Jun 2021 09:56:06 GMT] "GET /kindEditor/themes/default/default.css HTTP/1.1" 304 - "http://localhost:3000/u/tutu/2021-6-3/%E5%90%8E%E5%8F%B0%E7%AE%A1%E7%90%86%E7%B3%BB%E7%BB%9F" "Mozilla/5.0 (Windows NT 10.0; Win64; x64) AppleWebKit/537.36 (KHTML, like Gecko) Chrome/90.0.4430.212 Safari/537.36"
::1 - - [Thu, 03 Jun 2021 10:02:46 GMT] "GET /edit/tutu/2021-6-3/%E5%90%8E%E5%8F%B0%E7%AE%A1%E7%90%86%E7%B3%BB%E7%BB%9F HTTP/1.1" 200 2714 "http://localhost:3000/u/tutu/2021-6-3/%E5%90%8E%E5%8F%B0%E7%AE%A1%E7%90%86%E7%B3%BB%E7%BB%9F" "Mozilla/5.0 (Windows NT 10.0; Win64; x64) AppleWebKit/537.36 (KHTML, like Gecko) Chrome/90.0.4430.212 Safari/537.36"
::1 - - [Thu, 03 Jun 2021 10:02:46 GMT] "GET /stylesheets/style.css HTTP/1.1" 304 - "http://localhost:3000/edit/tutu/2021-6-3/%E5%90%8E%E5%8F%B0%E7%AE%A1%E7%90%86%E7%B3%BB%E7%BB%9F" "Mozilla/5.0 (Windows NT 10.0; Win64; x64) AppleWebKit/537.36 (KHTML, like Gecko) Chrome/90.0.4430.212 Safari/537.36"
::1 - - [Thu, 03 Jun 2021 10:02:46 GMT] "GET /kindEditor/kindeditor-all-min.js HTTP/1.1" 304 - "http://localhost:3000/edit/tutu/2021-6-3/%E5%90%8E%E5%8F%B0%E7%AE%A1%E7%90%86%E7%B3%BB%E7%BB%9F" "Mozilla/5.0 (Windows NT 10.0; Win64; x64) AppleWebKit/537.36 (KHTML, like Gecko) Chrome/90.0.4430.212 Safari/537.36"
::1 - - [Thu, 03 Jun 2021 10:02:46 GMT] "GET /kindEditor/lang/zh_CN.js HTTP/1.1" 304 - "http://localhost:3000/edit/tutu/2021-6-3/%E5%90%8E%E5%8F%B0%E7%AE%A1%E7%90%86%E7%B3%BB%E7%BB%9F" "Mozilla/5.0 (Windows NT 10.0; Win64; x64) AppleWebKit/537.36 (KHTML, like Gecko) Chrome/90.0.4430.212 Safari/537.36"
::1 - - [Thu, 03 Jun 2021 10:02:46 GMT] "GET /kindEditor/themes/default/default.css HTTP/1.1" 304 - "http://localhost:3000/edit/tutu/2021-6-3/%E5%90%8E%E5%8F%B0%E7%AE%A1%E7%90%86%E7%B3%BB%E7%BB%9F" "Mozilla/5.0 (Windows NT 10.0; Win64; x64) AppleWebKit/537.36 (KHTML, like Gecko) Chrome/90.0.4430.212 Safari/537.36"
::1 - - [Thu, 03 Jun 2021 10:02:47 GMT] "GET /kindEditor/plugins/emoticons/images/1.gif HTTP/1.1" 304 - "http://localhost:3000/edit/tutu/2021-6-3/%E5%90%8E%E5%8F%B0%E7%AE%A1%E7%90%86%E7%B3%BB%E7%BB%9F" "Mozilla/5.0 (Windows NT 10.0; Win64; x64) AppleWebKit/537.36 (KHTML, like Gecko) Chrome/90.0.4430.212 Safari/537.36"
::1 - - [Thu, 03 Jun 2021 10:02:47 GMT] "GET /kindEditor/themes/default/default.png HTTP/1.1" 304 - "http://localhost:3000/kindEditor/themes/default/default.css" "Mozilla/5.0 (Windows NT 10.0; Win64; x64) AppleWebKit/537.36 (KHTML, like Gecko) Chrome/90.0.4430.212 Safari/537.36"
::1 - - [Thu, 03 Jun 2021 10:02:52 GMT] "GET /kindEditor/themes/default/background.png HTTP/1.1" 200 1410 "http://localhost:3000/kindEditor/themes/default/default.css" "Mozilla/5.0 (Windows NT 10.0; Win64; x64) AppleWebKit/537.36 (KHTML, like Gecko) Chrome/90.0.4430.212 Safari/537.36"
::1 - - [Thu, 03 Jun 2021 10:02:52 GMT] "GET /kindEditor/plugins/image/images/refresh.png HTTP/1.1" 200 800 "http://localhost:3000/edit/tutu/2021-6-3/%E5%90%8E%E5%8F%B0%E7%AE%A1%E7%90%86%E7%B3%BB%E7%BB%9F" "Mozilla/5.0 (Windows NT 10.0; Win64; x64) AppleWebKit/537.36 (KHTML, like Gecko) Chrome/90.0.4430.212 Safari/537.36"
::1 - - [Thu, 03 Jun 2021 10:02:52 GMT] "GET /kindEditor/plugins/image/images/align_top.gif HTTP/1.1" 200 625 "http://localhost:3000/edit/tutu/2021-6-3/%E5%90%8E%E5%8F%B0%E7%AE%A1%E7%90%86%E7%B3%BB%E7%BB%9F" "Mozilla/5.0 (Windows NT 10.0; Win64; x64) AppleWebKit/537.36 (KHTML, like Gecko) Chrome/90.0.4430.212 Safari/537.36"
::1 - - [Thu, 03 Jun 2021 10:02:52 GMT] "GET /kindEditor/plugins/image/images/align_left.gif HTTP/1.1" 200 639 "http://localhost:3000/edit/tutu/2021-6-3/%E5%90%8E%E5%8F%B0%E7%AE%A1%E7%90%86%E7%B3%BB%E7%BB%9F" "Mozilla/5.0 (Windows NT 10.0; Win64; x64) AppleWebKit/537.36 (KHTML, like Gecko) Chrome/90.0.4430.212 Safari/537.36"
::1 - - [Thu, 03 Jun 2021 10:02:52 GMT] "GET /kindEditor/plugins/image/images/align_right.gif HTTP/1.1" 200 636 "http://localhost:3000/edit/tutu/2021-6-3/%E5%90%8E%E5%8F%B0%E7%AE%A1%E7%90%86%E7%B3%BB%E7%BB%9F" "Mozilla/5.0 (Windows NT 10.0; Win64; x64) AppleWebKit/537.36 (KHTML, like Gecko) Chrome/90.0.4430.212 Safari/537.36"
::1 - - [Thu, 03 Jun 2021 10:02:58 GMT] "POST /edit/tutu/2021-6-3/%E5%90%8E%E5%8F%B0%E7%AE%A1%E7%90%86%E7%B3%BB%E7%BB%9F HTTP/1.1" 302 186 "http://localhost:3000/edit/tutu/2021-6-3/%E5%90%8E%E5%8F%B0%E7%AE%A1%E7%90%86%E7%B3%BB%E7%BB%9F" "Mozilla/5.0 (Windows NT 10.0; Win64; x64) AppleWebKit/537.36 (KHTML, like Gecko) Chrome/90.0.4430.212 Safari/537.36"
::1 - - [Thu, 03 Jun 2021 10:02:58 GMT] "GET /u/tutu/2021-6-3/%E5%90%8E%E5%8F%B0%E7%AE%A1%E7%90%86%E7%B3%BB%E7%BB%9F HTTP/1.1" 200 3305 "http://localhost:3000/edit/tutu/2021-6-3/%E5%90%8E%E5%8F%B0%E7%AE%A1%E7%90%86%E7%B3%BB%E7%BB%9F" "Mozilla/5.0 (Windows NT 10.0; Win64; x64) AppleWebKit/537.36 (KHTML, like Gecko) Chrome/90.0.4430.212 Safari/537.36"
::1 - - [Thu, 03 Jun 2021 10:02:58 GMT] "GET /stylesheets/style.css HTTP/1.1" 304 - "http://localhost:3000/u/tutu/2021-6-3/%E5%90%8E%E5%8F%B0%E7%AE%A1%E7%90%86%E7%B3%BB%E7%BB%9F" "Mozilla/5.0 (Windows NT 10.0; Win64; x64) AppleWebKit/537.36 (KHTML, like Gecko) Chrome/90.0.4430.212 Safari/537.36"
::1 - - [Thu, 03 Jun 2021 10:02:58 GMT] "GET /kindEditor/kindeditor-all-min.js HTTP/1.1" 304 - "http://localhost:3000/u/tutu/2021-6-3/%E5%90%8E%E5%8F%B0%E7%AE%A1%E7%90%86%E7%B3%BB%E7%BB%9F" "Mozilla/5.0 (Windows NT 10.0; Win64; x64) AppleWebKit/537.36 (KHTML, like Gecko) Chrome/90.0.4430.212 Safari/537.36"
::1 - - [Thu, 03 Jun 2021 10:02:58 GMT] "GET /kindEditor/lang/zh_CN.js HTTP/1.1" 304 - "http://localhost:3000/u/tutu/2021-6-3/%E5%90%8E%E5%8F%B0%E7%AE%A1%E7%90%86%E7%B3%BB%E7%BB%9F" "Mozilla/5.0 (Windows NT 10.0; Win64; x64) AppleWebKit/537.36 (KHTML, like Gecko) Chrome/90.0.4430.212 Safari/537.36"
::1 - - [Thu, 03 Jun 2021 10:02:58 GMT] "GET /kindEditor/plugins/emoticons/images/1.gif HTTP/1.1" 304 - "http://localhost:3000/u/tutu/2021-6-3/%E5%90%8E%E5%8F%B0%E7%AE%A1%E7%90%86%E7%B3%BB%E7%BB%9F" "Mozilla/5.0 (Windows NT 10.0; Win64; x64) AppleWebKit/537.36 (KHTML, like Gecko) Chrome/90.0.4430.212 Safari/537.36"
::1 - - [Thu, 03 Jun 2021 10:02:58 GMT] "GET /kindEditor/themes/default/default.css HTTP/1.1" 304 - "http://localhost:3000/u/tutu/2021-6-3/%E5%90%8E%E5%8F%B0%E7%AE%A1%E7%90%86%E7%B3%BB%E7%BB%9F" "Mozilla/5.0 (Windows NT 10.0; Win64; x64) AppleWebKit/537.36 (KHTML, like Gecko) Chrome/90.0.4430.212 Safari/537.36"
::1 - - [Thu, 03 Jun 2021 10:02:58 GMT] "GET /kindEditor/themes/default/default.png HTTP/1.1" 304 - "http://localhost:3000/kindEditor/themes/default/default.css" "Mozilla/5.0 (Windows NT 10.0; Win64; x64) AppleWebKit/537.36 (KHTML, like Gecko) Chrome/90.0.4430.212 Safari/537.36"
::1 - - [Fri, 04 Jun 2021 03:07:25 GMT] "GET /u/tutu/2021-6-3/%E5%90%8E%E5%8F%B0%E7%AE%A1%E7%90%86%E7%B3%BB%E7%BB%9F HTTP/1.1" - - "http://localhost:3000/edit/tutu/2021-6-3/%E5%90%8E%E5%8F%B0%E7%AE%A1%E7%90%86%E7%B3%BB%E7%BB%9F" "Mozilla/5.0 (Windows NT 10.0; Win64; x64) AppleWebKit/537.36 (KHTML, like Gecko) Chrome/91.0.4472.77 Safari/537.36"
::1 - - [Fri, 04 Jun 2021 03:07:25 GMT] "GET / HTTP/1.1" 500 1016 "-" "Mozilla/5.0 (Windows NT 10.0; Win64; x64) AppleWebKit/537.36 (KHTML, like Gecko) Chrome/91.0.4472.77 Safari/537.36"
::1 - - [Fri, 04 Jun 2021 03:07:25 GMT] "GET /favicon.ico HTTP/1.1" 200 317 "http://localhost:3000/" "Mozilla/5.0 (Windows NT 10.0; Win64; x64) AppleWebKit/537.36 (KHTML, like Gecko) Chrome/91.0.4472.77 Safari/537.36"
::1 - - [Fri, 04 Jun 2021 03:07:29 GMT] "GET / HTTP/1.1" 500 1016 "-" "Mozilla/5.0 (Windows NT 10.0; Win64; x64) AppleWebKit/537.36 (KHTML, like Gecko) Chrome/91.0.4472.77 Safari/537.36"
::1 - - [Fri, 04 Jun 2021 03:07:29 GMT] "GET /favicon.ico HTTP/1.1" 200 317 "http://localhost:3000/" "Mozilla/5.0 (Windows NT 10.0; Win64; x64) AppleWebKit/537.36 (KHTML, like Gecko) Chrome/91.0.4472.77 Safari/537.36"
::1 - - [Fri, 04 Jun 2021 03:07:30 GMT] "GET / HTTP/1.1" 500 1016 "-" "Mozilla/5.0 (Windows NT 10.0; Win64; x64) AppleWebKit/537.36 (KHTML, like Gecko) Chrome/91.0.4472.77 Safari/537.36"
::1 - - [Fri, 04 Jun 2021 03:07:30 GMT] "GET /favicon.ico HTTP/1.1" 200 317 "http://localhost:3000/" "Mozilla/5.0 (Windows NT 10.0; Win64; x64) AppleWebKit/537.36 (KHTML, like Gecko) Chrome/91.0.4472.77 Safari/537.36"
::1 - - [Fri, 04 Jun 2021 03:07:47 GMT] "GET / HTTP/1.1" 500 1016 "-" "Mozilla/5.0 (Windows NT 10.0; Win64; x64) AppleWebKit/537.36 (KHTML, like Gecko) Chrome/91.0.4472.77 Safari/537.36"
::1 - - [Fri, 04 Jun 2021 03:07:47 GMT] "GET /favicon.ico HTTP/1.1" 200 317 "http://localhost:3000/" "Mozilla/5.0 (Windows NT 10.0; Win64; x64) AppleWebKit/537.36 (KHTML, like Gecko) Chrome/91.0.4472.77 Safari/537.36"
